# JRE version: OpenJDK Runtime Environment (8.0_191-b12) (build 1.8.0_191-8u191-b12-2ubuntu0.18.04.1-b12)
# Java VM: OpenJDK 64-Bit Server VM (25.191-b12 mixed mode linux-amd64 compressed oops)
Heap:
 PSYoungGen      total 99840K, used 3568K [0x00000000e1780000, 0x00000000e7c80000, 0x0000000100000000)
  eden space 96256K, 0% used [0x00000000e1780000,0x00000000e1780000,0x00000000e7580000)
  from space 3584K, 99% used [0x00000000e7580000,0x00000000e78fc030,0x00000000e7900000)
  to   space 3584K, 0% used [0x00000000e7900000,0x00000000e7900000,0x00000000e7c80000)
 ParOldGen       total 62976K, used 16109K [0x00000000a4600000, 0x00000000a8380000, 0x00000000e1780000)
  object space 62976K, 25% used [0x00000000a4600000,0x00000000a55bb438,0x00000000a8380000)
 Metaspace       used 19178K, capacity 19598K, committed 19840K, reserved 1067008K
  class space    used 2208K, capacity 2322K, committed 2432K, reserved 1048576K
GC Heap History (9 events):
Event: 1,093 GC heap before
{Heap before GC invocations=1 (full 0):
 PSYoungGen      total 27648K, used 24064K [0x00000000e1780000, 0x00000000e3600000, 0x0000000100000000)
  eden space 24064K, 100% used [0x00000000e1780000,0x00000000e2f00000,0x00000000e2f00000)
  from space 3584K, 0% used [0x00000000e3280000,0x00000000e3280000,0x00000000e3600000)
  to   space 3584K, 0% used [0x00000000e2f00000,0x00000000e2f00000,0x00000000e3280000)
 ParOldGen       total 62976K, used 0K [0x00000000a4600000, 0x00000000a8380000, 0x00000000e1780000)
  object space 62976K, 0% used [0x00000000a4600000,0x00000000a4600000,0x00000000a8380000)
 Metaspace       used 7648K, capacity 7772K, committed 7936K, reserved 1056768K
  class space    used 911K, capacity 952K, committed 1024K, reserved 1048576K
Event: 1,104 GC heap after
Heap after GC invocations=1 (full 0):
 PSYoungGen      total 27648K, used 3561K [0x00000000e1780000, 0x00000000e4d80000, 0x0000000100000000)
  eden space 24064K, 0% used [0x00000000e1780000,0x00000000e1780000,0x00000000e2f00000)
  from space 3584K, 99% used [0x00000000e2f00000,0x00000000e327a690,0x00000000e3280000)
  to   space 3584K, 0% used [0x00000000e4a00000,0x00000000e4a00000,0x00000000e4d80000)
 ParOldGen       total 62976K, used 551K [0x00000000a4600000, 0x00000000a8380000, 0x00000000e1780000)
  object space 62976K, 0% used [0x00000000a4600000,0x00000000a4689f38,0x00000000a8380000)
 Metaspace       used 7648K, capacity 7772K, committed 7936K, reserved 1056768K
  class space    used 911K, capacity 952K, committed 1024K, reserved 1048576K
}
Event: 1,679 GC heap before
{Heap before GC invocations=2 (full 0):
 PSYoungGen      total 27648K, used 27625K [0x00000000e1780000, 0x00000000e4d80000, 0x0000000100000000)
  eden space 24064K, 100% used [0x00000000e1780000,0x00000000e2f00000,0x00000000e2f00000)
  from space 3584K, 99% used [0x00000000e2f00000,0x00000000e327a690,0x00000000e3280000)
  to   space 3584K, 0% used [0x00000000e4a00000,0x00000000e4a00000,0x00000000e4d80000)
 ParOldGen       total 62976K, used 551K [0x00000000a4600000, 0x00000000a8380000, 0x00000000e1780000)
  object space 62976K, 0% used [0x00000000a4600000,0x00000000a4689f38,0x00000000a8380000)
 Metaspace       used 9377K, capacity 9582K, committed 9728K, reserved 1058816K
  class space    used 1126K, capacity 1211K, committed 1280K, reserved 1048576K
Event: 1,692 GC heap after
Heap after GC invocations=2 (full 0):
 PSYoungGen      total 51712K, used 3573K [0x00000000e1780000, 0x00000000e4d80000, 0x0000000100000000)
  eden space 48128K, 0% used [0x00000000e1780000,0x00000000e1780000,0x00000000e4680000)
  from space 3584K, 99% used [0x00000000e4a00000,0x00000000e4d7d6b0,0x00000000e4d80000)
  to   space 3584K, 0% used [0x00000000e4680000,0x00000000e4680000,0x00000000e4a00000)
 ParOldGen       total 62976K, used 1219K [0x00000000a4600000, 0x00000000a8380000, 0x00000000e1780000)
  object space 62976K, 1% used [0x00000000a4600000,0x00000000a4730f08,0x00000000a8380000)
 Metaspace       used 9377K, capacity 9582K, committed 9728K, reserved 1058816K
  class space    used 1126K, capacity 1211K, committed 1280K, reserved 1048576K
}
Event: 3,115 GC heap before
{Heap before GC invocations=3 (full 0):
 PSYoungGen      total 51712K, used 51701K [0x00000000e1780000, 0x00000000e4d80000, 0x0000000100000000)
  eden space 48128K, 100% used [0x00000000e1780000,0x00000000e4680000,0x00000000e4680000)
  from space 3584K, 99% used [0x00000000e4a00000,0x00000000e4d7d6b0,0x00000000e4d80000)
  to   space 3584K, 0% used [0x00000000e4680000,0x00000000e4680000,0x00000000e4a00000)
 ParOldGen       total 62976K, used 1219K [0x00000000a4600000, 0x00000000a8380000, 0x00000000e1780000)
  object space 62976K, 1% used [0x00000000a4600000,0x00000000a4730f08,0x00000000a8380000)
 Metaspace       used 13749K, capacity 13914K, committed 14208K, reserved 1060864K
  class space    used 1692K, capacity 1799K, committed 1920K, reserved 1048576K
Event: 3,157 GC heap after
Heap after GC invocations=3 (full 0):
 PSYoungGen      total 51712K, used 3568K [0x00000000e1780000, 0x00000000e7c80000, 0x0000000100000000)
  eden space 48128K, 0% used [0x00000000e1780000,0x00000000e1780000,0x00000000e4680000)
  from space 3584K, 99% used [0x00000000e4680000,0x00000000e49fc010,0x00000000e4a00000)
  to   space 3584K, 0% used [0x00000000e7900000,0x00000000e7900000,0x00000000e7c80000)
 ParOldGen       total 62976K, used 4803K [0x00000000a4600000, 0x00000000a8380000, 0x00000000e1780000)
  object space 62976K, 7% used [0x00000000a4600000,0x00000000a4ab0ed8,0x00000000a8380000)
 Metaspace       used 13749K, capacity 13914K, committed 14208K, reserved 1060864K
  class space    used 1692K, capacity 1799K, committed 1920K, reserved 1048576K
}
Event: 5,042 GC heap before
{Heap before GC invocations=4 (full 0):
 PSYoungGen      total 51712K, used 51696K [0x00000000e1780000, 0x00000000e7c80000, 0x0000000100000000)
  eden space 48128K, 100% used [0x00000000e1780000,0x00000000e4680000,0x00000000e4680000)
  from space 3584K, 99% used [0x00000000e4680000,0x00000000e49fc010,0x00000000e4a00000)
  to   space 3584K, 0% used [0x00000000e7900000,0x00000000e7900000,0x00000000e7c80000)
 ParOldGen       total 62976K, used 4803K [0x00000000a4600000, 0x00000000a8380000, 0x00000000e1780000)
  object space 62976K, 7% used [0x00000000a4600000,0x00000000a4ab0ed8,0x00000000a8380000)
 Metaspace       used 16516K, capacity 16810K, committed 17152K, reserved 1064960K
  class space    used 1953K, capacity 2046K, committed 2048K, reserved 1048576K
Event: 5,067 GC heap after
Heap after GC invocations=4 (full 0):
 PSYoungGen      total 99840K, used 3552K [0x00000000e1780000, 0x00000000e7c80000, 0x0000000100000000)
  eden space 96256K, 0% used [0x00000000e1780000,0x00000000e1780000,0x00000000e7580000)
  from space 3584K, 99% used [0x00000000e7900000,0x00000000e7c78020,0x00000000e7c80000)
  to   space 3584K, 0% used [0x00000000e7580000,0x00000000e7580000,0x00000000e7900000)
 ParOldGen       total 62976K, used 9136K [0x00000000a4600000, 0x00000000a8380000, 0x00000000e1780000)
  object space 62976K, 14% used [0x00000000a4600000,0x00000000a4eec0b0,0x00000000a8380000)
 Metaspace       used 16516K, capacity 16810K, committed 17152K, reserved 1064960K
  class space    used 1953K, capacity 2046K, committed 2048K, reserved 1048576K
}
Event: 7,672 GC heap before
{Heap before GC invocations=5 (full 0):
 PSYoungGen      total 99840K, used 99808K [0x00000000e1780000, 0x00000000e7c80000, 0x0000000100000000)
  eden space 96256K, 100% used [0x00000000e1780000,0x00000000e7580000,0x00000000e7580000)
  from space 3584K, 99% used [0x00000000e7900000,0x00000000e7c78020,0x00000000e7c80000)
  to   space 3584K, 0% used [0x00000000e7580000,0x00000000e7580000,0x00000000e7900000)
 ParOldGen       total 62976K, used 9136K [0x00000000a4600000, 0x00000000a8380000, 0x00000000e1780000)
  object space 62976K, 14% used [0x00000000a4600000,0x00000000a4eec0b0,0x00000000a8380000)
 Metaspace       used 19178K, capacity 19598K, committed 19840K, reserved 1067008K
  class space    used 2208K, capacity 2322K, committed 2432K, reserved 1048576K

